<?xml version="1.0" encoding="UTF-8"?>
<testsuite name="com.resilience.resiliencedemo.UserControllerTest" tests="6" skipped="0" failures="0" errors="0" timestamp="2021-12-12T19:45:16" hostname="antonio" time="0.172">
  <properties/>
  <testcase name="allUsersEndpointShouldReturnTwoUsers()" classname="com.resilience.resiliencedemo.UserControllerTest" time="0.088"/>
  <testcase name="getUserWithIdOneShouldReturnAUser()" classname="com.resilience.resiliencedemo.UserControllerTest" time="0.012"/>
  <testcase name="getUserWithUnknownIdShouldReturn404()" classname="com.resilience.resiliencedemo.UserControllerTest" time="0.007"/>
  <testcase name="updateUserWithUnknownIdShouldReturn404()" classname="com.resilience.resiliencedemo.UserControllerTest" time="0.045"/>
  <testcase name="updateUserWithKnownIdShouldUpdateTheUser()" classname="com.resilience.resiliencedemo.UserControllerTest" time="0.005"/>
  <testcase name="postingANewUsersShouldCreateANewUser()" classname="com.resilience.resiliencedemo.UserControllerTest" time="0.008"/>
  <system-out><![CDATA[2021-12-12 20:45:16.093  INFO 20260 --- [    Test worker] .b.t.a.w.s.WebMvcTestContextBootstrapper : Neither @ContextConfiguration nor @ContextHierarchy found for test class [com.resilience.resiliencedemo.UserControllerTest], using SpringBootContextLoader
2021-12-12 20:45:16.093  INFO 20260 --- [    Test worker] o.s.t.c.support.AbstractContextLoader    : Could not detect default resource locations for test class [com.resilience.resiliencedemo.UserControllerTest]: no resource found for suffixes {-context.xml, Context.groovy}.
2021-12-12 20:45:16.093  INFO 20260 --- [    Test worker] t.c.s.AnnotationConfigContextLoaderUtils : Could not detect default configuration classes for test class [com.resilience.resiliencedemo.UserControllerTest]: UserControllerTest does not declare any static, non-private, non-final, nested classes annotated with @Configuration.
2021-12-12 20:45:16.103  INFO 20260 --- [    Test worker] .b.t.c.SpringBootTestContextBootstrapper : Found @SpringBootConfiguration com.resilience.resiliencedemo.ResilienceDemoApplication for test class com.resilience.resiliencedemo.UserControllerTest
2021-12-12 20:45:16.104  INFO 20260 --- [    Test worker] .b.t.a.w.s.WebMvcTestContextBootstrapper : Loaded default TestExecutionListener class names from location [META-INF/spring.factories]: [org.springframework.boot.test.autoconfigure.restdocs.RestDocsTestExecutionListener, org.springframework.boot.test.autoconfigure.web.client.MockRestServiceServerResetTestExecutionListener, org.springframework.boot.test.autoconfigure.web.servlet.MockMvcPrintOnlyOnFailureTestExecutionListener, org.springframework.boot.test.autoconfigure.web.servlet.WebDriverTestExecutionListener, org.springframework.boot.test.autoconfigure.webservices.client.MockWebServiceServerTestExecutionListener, org.springframework.boot.test.mock.mockito.MockitoTestExecutionListener, org.springframework.boot.test.mock.mockito.ResetMocksTestExecutionListener, org.springframework.test.context.web.ServletTestExecutionListener, org.springframework.test.context.support.DirtiesContextBeforeModesTestExecutionListener, org.springframework.test.context.event.ApplicationEventsTestExecutionListener, org.springframework.test.context.support.DependencyInjectionTestExecutionListener, org.springframework.test.context.support.DirtiesContextTestExecutionListener, org.springframework.test.context.transaction.TransactionalTestExecutionListener, org.springframework.test.context.jdbc.SqlScriptsTestExecutionListener, org.springframework.test.context.event.EventPublishingTestExecutionListener]
2021-12-12 20:45:16.105  INFO 20260 --- [    Test worker] .b.t.a.w.s.WebMvcTestContextBootstrapper : Using TestExecutionListeners: [org.springframework.test.context.web.ServletTestExecutionListener@34adce96, org.springframework.test.context.support.DirtiesContextBeforeModesTestExecutionListener@5a2e4e77, org.springframework.test.context.event.ApplicationEventsTestExecutionListener@794c22cd, org.springframework.boot.test.mock.mockito.MockitoTestExecutionListener@5fb8ad3d, org.springframework.boot.test.autoconfigure.SpringBootDependencyInjectionTestExecutionListener@5bb0122, org.springframework.test.context.support.DirtiesContextTestExecutionListener@2d4eba14, org.springframework.test.context.transaction.TransactionalTestExecutionListener@358caf3a, org.springframework.test.context.jdbc.SqlScriptsTestExecutionListener@2fc72df3, org.springframework.test.context.event.EventPublishingTestExecutionListener@72288b38, org.springframework.boot.test.autoconfigure.restdocs.RestDocsTestExecutionListener@2aee0173, org.springframework.boot.test.autoconfigure.web.client.MockRestServiceServerResetTestExecutionListener@7acb8e6b, org.springframework.boot.test.autoconfigure.web.servlet.MockMvcPrintOnlyOnFailureTestExecutionListener@6c758c74, org.springframework.boot.test.autoconfigure.web.servlet.WebDriverTestExecutionListener@5a32ab89, org.springframework.boot.test.autoconfigure.webservices.client.MockWebServiceServerTestExecutionListener@8dcc25, org.springframework.boot.test.mock.mockito.ResetMocksTestExecutionListener@2693b289]

  .   ____          _            __ _ _
 /\\ / ___'_ __ _ _(_)_ __  __ _ \ \ \ \
( ( )\___ | '_ | '_| | '_ \/ _` | \ \ \ \
 \\/  ___)| |_)| | | | | || (_| |  ) ) ) )
  '  |____| .__|_| |_|_| |_\__, | / / / /
 =========|_|==============|___/=/_/_/_/
 :: Spring Boot ::                (v2.6.1)

2021-12-12 20:45:16.131  INFO 20260 --- [    Test worker] c.r.resiliencedemo.UserControllerTest    : Starting UserControllerTest using Java 16.0.2 on antonio with PID 20260 (started by antonio in /home/antonio/work/jugando/resilience-demo)
2021-12-12 20:45:16.132  INFO 20260 --- [    Test worker] c.r.resiliencedemo.UserControllerTest    : No active profile set, falling back to default profiles: default
2021-12-12 20:45:16.530  INFO 20260 --- [    Test worker] o.s.b.t.m.w.SpringBootMockServletContext : Initializing Spring TestDispatcherServlet ''
2021-12-12 20:45:16.530  INFO 20260 --- [    Test worker] o.s.t.web.servlet.TestDispatcherServlet  : Initializing Servlet ''
2021-12-12 20:45:16.531  INFO 20260 --- [    Test worker] o.s.t.web.servlet.TestDispatcherServlet  : Completed initialization in 1 ms
2021-12-12 20:45:16.538  INFO 20260 --- [    Test worker] c.r.resiliencedemo.UserControllerTest    : Started UserControllerTest in 0.426 seconds (JVM running for 6.83)
]]></system-out>
  <system-err><![CDATA[]]></system-err>
</testsuite>
