<?xml version="1.0" encoding="UTF-8"?>
<testsuite name="com.resilience.resiliencedemo.ResilienceDemoApplicationTests" tests="1" skipped="0" failures="0" errors="0" timestamp="2021-12-12T19:45:15" hostname="antonio" time="0.12">
  <properties/>
  <testcase name="contextLoads()" classname="com.resilience.resiliencedemo.ResilienceDemoApplicationTests" time="0.12"/>
  <system-out><![CDATA[20:45:10.270 [Test worker] DEBUG org.springframework.test.context.BootstrapUtils - Instantiating CacheAwareContextLoaderDelegate from class [org.springframework.test.context.cache.DefaultCacheAwareContextLoaderDelegate]
20:45:10.277 [Test worker] DEBUG org.springframework.test.context.BootstrapUtils - Instantiating BootstrapContext using constructor [public org.springframework.test.context.support.DefaultBootstrapContext(java.lang.Class,org.springframework.test.context.CacheAwareContextLoaderDelegate)]
20:45:10.303 [Test worker] DEBUG org.springframework.test.context.BootstrapUtils - Instantiating TestContextBootstrapper for test class [com.resilience.resiliencedemo.ResilienceDemoApplicationTests] from class [org.springframework.boot.test.context.SpringBootTestContextBootstrapper]
20:45:10.311 [Test worker] INFO org.springframework.boot.test.context.SpringBootTestContextBootstrapper - Neither @ContextConfiguration nor @ContextHierarchy found for test class [com.resilience.resiliencedemo.ResilienceDemoApplicationTests], using SpringBootContextLoader
20:45:10.314 [Test worker] DEBUG org.springframework.test.context.support.AbstractContextLoader - Did not detect default resource location for test class [com.resilience.resiliencedemo.ResilienceDemoApplicationTests]: class path resource [com/resilience/resiliencedemo/ResilienceDemoApplicationTests-context.xml] does not exist
20:45:10.315 [Test worker] DEBUG org.springframework.test.context.support.AbstractContextLoader - Did not detect default resource location for test class [com.resilience.resiliencedemo.ResilienceDemoApplicationTests]: class path resource [com/resilience/resiliencedemo/ResilienceDemoApplicationTestsContext.groovy] does not exist
20:45:10.315 [Test worker] INFO org.springframework.test.context.support.AbstractContextLoader - Could not detect default resource locations for test class [com.resilience.resiliencedemo.ResilienceDemoApplicationTests]: no resource found for suffixes {-context.xml, Context.groovy}.
20:45:10.316 [Test worker] INFO org.springframework.test.context.support.AnnotationConfigContextLoaderUtils - Could not detect default configuration classes for test class [com.resilience.resiliencedemo.ResilienceDemoApplicationTests]: ResilienceDemoApplicationTests does not declare any static, non-private, non-final, nested classes annotated with @Configuration.
20:45:10.346 [Test worker] DEBUG org.springframework.test.context.support.ActiveProfilesUtils - Could not find an 'annotation declaring class' for annotation type [org.springframework.test.context.ActiveProfiles] and class [com.resilience.resiliencedemo.ResilienceDemoApplicationTests]
20:45:10.386 [Test worker] DEBUG org.springframework.context.annotation.ClassPathScanningCandidateComponentProvider - Identified candidate component class: file [/home/antonio/work/jugando/resilience-demo/build/classes/java/main/com/resilience/resiliencedemo/ResilienceDemoApplication.class]
20:45:10.387 [Test worker] INFO org.springframework.boot.test.context.SpringBootTestContextBootstrapper - Found @SpringBootConfiguration com.resilience.resiliencedemo.ResilienceDemoApplication for test class com.resilience.resiliencedemo.ResilienceDemoApplicationTests
20:45:10.466 [Test worker] DEBUG org.springframework.boot.test.context.SpringBootTestContextBootstrapper - @TestExecutionListeners is not present for class [com.resilience.resiliencedemo.ResilienceDemoApplicationTests]: using defaults.
20:45:10.466 [Test worker] INFO org.springframework.boot.test.context.SpringBootTestContextBootstrapper - Loaded default TestExecutionListener class names from location [META-INF/spring.factories]: [org.springframework.boot.test.autoconfigure.restdocs.RestDocsTestExecutionListener, org.springframework.boot.test.autoconfigure.web.client.MockRestServiceServerResetTestExecutionListener, org.springframework.boot.test.autoconfigure.web.servlet.MockMvcPrintOnlyOnFailureTestExecutionListener, org.springframework.boot.test.autoconfigure.web.servlet.WebDriverTestExecutionListener, org.springframework.boot.test.autoconfigure.webservices.client.MockWebServiceServerTestExecutionListener, org.springframework.boot.test.mock.mockito.MockitoTestExecutionListener, org.springframework.boot.test.mock.mockito.ResetMocksTestExecutionListener, org.springframework.test.context.web.ServletTestExecutionListener, org.springframework.test.context.support.DirtiesContextBeforeModesTestExecutionListener, org.springframework.test.context.event.ApplicationEventsTestExecutionListener, org.springframework.test.context.support.DependencyInjectionTestExecutionListener, org.springframework.test.context.support.DirtiesContextTestExecutionListener, org.springframework.test.context.transaction.TransactionalTestExecutionListener, org.springframework.test.context.jdbc.SqlScriptsTestExecutionListener, org.springframework.test.context.event.EventPublishingTestExecutionListener]
20:45:10.477 [Test worker] INFO org.springframework.boot.test.context.SpringBootTestContextBootstrapper - Using TestExecutionListeners: [org.springframework.test.context.web.ServletTestExecutionListener@2453f95d, org.springframework.test.context.support.DirtiesContextBeforeModesTestExecutionListener@44828f6b, org.springframework.test.context.event.ApplicationEventsTestExecutionListener@2dbe250d, org.springframework.boot.test.mock.mockito.MockitoTestExecutionListener@553f1d75, org.springframework.boot.test.autoconfigure.SpringBootDependencyInjectionTestExecutionListener@6e1d8f9e, org.springframework.test.context.support.DirtiesContextTestExecutionListener@3e34ace1, org.springframework.test.context.transaction.TransactionalTestExecutionListener@62fe6067, org.springframework.test.context.jdbc.SqlScriptsTestExecutionListener@4f071df8, org.springframework.test.context.event.EventPublishingTestExecutionListener@4de41af9, org.springframework.boot.test.autoconfigure.restdocs.RestDocsTestExecutionListener@56ace400, org.springframework.boot.test.autoconfigure.web.client.MockRestServiceServerResetTestExecutionListener@47404bea, org.springframework.boot.test.autoconfigure.web.servlet.MockMvcPrintOnlyOnFailureTestExecutionListener@305f7627, org.springframework.boot.test.autoconfigure.web.servlet.WebDriverTestExecutionListener@5d018107, org.springframework.boot.test.autoconfigure.webservices.client.MockWebServiceServerTestExecutionListener@6cbcf243, org.springframework.boot.test.mock.mockito.ResetMocksTestExecutionListener@29e6eb25]
20:45:10.480 [Test worker] DEBUG org.springframework.test.context.support.AbstractDirtiesContextTestExecutionListener - Before test class: context [DefaultTestContext@1433046b testClass = ResilienceDemoApplicationTests, testInstance = [null], testMethod = [null], testException = [null], mergedContextConfiguration = [WebMergedContextConfiguration@3f446bef testClass = ResilienceDemoApplicationTests, locations = '{}', classes = '{class com.resilience.resiliencedemo.ResilienceDemoApplication}', contextInitializerClasses = '[]', activeProfiles = '{}', propertySourceLocations = '{}', propertySourceProperties = '{org.springframework.boot.test.context.SpringBootTestContextBootstrapper=true}', contextCustomizers = set[org.springframework.boot.test.autoconfigure.actuate.metrics.MetricsExportContextCustomizerFactory$DisableMetricExportContextCustomizer@61fe30, org.springframework.boot.test.autoconfigure.properties.PropertyMappingContextCustomizer@0, org.springframework.boot.test.autoconfigure.web.servlet.WebDriverContextCustomizerFactory$Customizer@673be18f, org.springframework.boot.test.context.filter.ExcludeFilterContextCustomizer@6ce86ce1, org.springframework.boot.test.json.DuplicateJsonObjectContextCustomizerFactory$DuplicateJsonObjectContextCustomizer@77128536, org.springframework.boot.test.mock.mockito.MockitoContextCustomizer@0, org.springframework.boot.test.web.client.TestRestTemplateContextCustomizer@29526c05, org.springframework.boot.test.context.SpringBootTestArgs@1, org.springframework.boot.test.context.SpringBootTestWebEnvironment@4c309d4d], resourceBasePath = 'src/main/webapp', contextLoader = 'org.springframework.boot.test.context.SpringBootContextLoader', parent = [null]], attributes = map['org.springframework.test.context.web.ServletTestExecutionListener.activateListener' -> true]], class annotated with @DirtiesContext [false] with mode [null].
20:45:10.520 [Test worker] DEBUG org.springframework.boot.ApplicationServletEnvironment - Activating profiles []
20:45:10.521 [Test worker] DEBUG org.springframework.test.context.support.TestPropertySourceUtils - Adding inlined properties to environment: {spring.jmx.enabled=false, org.springframework.boot.test.context.SpringBootTestContextBootstrapper=true}

  .   ____          _            __ _ _
 /\\ / ___'_ __ _ _(_)_ __  __ _ \ \ \ \
( ( )\___ | '_ | '_| | '_ \/ _` | \ \ \ \
 \\/  ___)| |_)| | | | | || (_| |  ) ) ) )
  '  |____| .__|_| |_|_| |_\__, | / / / /
 =========|_|==============|___/=/_/_/_/
 :: Spring Boot ::                (v2.6.1)

2021-12-12 20:45:10.813  INFO 20260 --- [    Test worker] c.r.r.ResilienceDemoApplicationTests     : Starting ResilienceDemoApplicationTests using Java 16.0.2 on antonio with PID 20260 (started by antonio in /home/antonio/work/jugando/resilience-demo)
2021-12-12 20:45:10.814  INFO 20260 --- [    Test worker] c.r.r.ResilienceDemoApplicationTests     : No active profile set, falling back to default profiles: default
2021-12-12 20:45:11.648  INFO 20260 --- [    Test worker] .s.d.r.c.RepositoryConfigurationDelegate : Bootstrapping Spring Data JPA repositories in DEFAULT mode.
2021-12-12 20:45:11.686  INFO 20260 --- [    Test worker] .s.d.r.c.RepositoryConfigurationDelegate : Finished Spring Data repository scanning in 32 ms. Found 1 JPA repository interfaces.
2021-12-12 20:45:12.327  INFO 20260 --- [    Test worker] o.hibernate.jpa.internal.util.LogHelper  : HHH000204: Processing PersistenceUnitInfo [name: default]
2021-12-12 20:45:12.359  INFO 20260 --- [    Test worker] org.hibernate.Version                    : HHH000412: Hibernate ORM core version 5.6.1.Final
2021-12-12 20:45:12.464  INFO 20260 --- [    Test worker] o.hibernate.annotations.common.Version   : HCANN000001: Hibernate Commons Annotations {5.1.2.Final}
2021-12-12 20:45:12.531  INFO 20260 --- [    Test worker] com.zaxxer.hikari.HikariDataSource       : HikariPool-1 - Starting...
2021-12-12 20:45:12.639  INFO 20260 --- [    Test worker] com.zaxxer.hikari.HikariDataSource       : HikariPool-1 - Start completed.
2021-12-12 20:45:12.661  INFO 20260 --- [    Test worker] org.hibernate.dialect.Dialect            : HHH000400: Using dialect: org.hibernate.dialect.H2Dialect
2021-12-12 20:45:13.033  INFO 20260 --- [    Test worker] o.h.e.t.j.p.i.JtaPlatformInitiator       : HHH000490: Using JtaPlatform implementation: [org.hibernate.engine.transaction.jta.platform.internal.NoJtaPlatform]
2021-12-12 20:45:13.038  INFO 20260 --- [    Test worker] j.LocalContainerEntityManagerFactoryBean : Initialized JPA EntityManagerFactory for persistence unit 'default'
2021-12-12 20:45:14.262  WARN 20260 --- [    Test worker] JpaBaseConfiguration$JpaWebConfiguration : spring.jpa.open-in-view is enabled by default. Therefore, database queries may be performed during view rendering. Explicitly configure spring.jpa.open-in-view to disable this warning
2021-12-12 20:45:14.482  INFO 20260 --- [    Test worker] o.s.b.a.h2.H2ConsoleAutoConfiguration    : H2 console available at '/h2-console'. Database available at 'jdbc:h2:mem:6bbf6fb5-628e-463c-9dd6-cca79003fd32'
2021-12-12 20:45:15.827  INFO 20260 --- [    Test worker] o.s.b.a.e.web.EndpointLinksResolver      : Exposing 1 endpoint(s) beneath base path '/actuator'
2021-12-12 20:45:15.874  INFO 20260 --- [    Test worker] c.r.r.ResilienceDemoApplicationTests     : Started ResilienceDemoApplicationTests in 5.351 seconds (JVM running for 6.165)
2021-12-12 20:45:15.904  INFO 20260 --- [    Test worker] c.r.resiliencedemo.UserInitializer       : Starting book initialization ...
2021-12-12 20:45:15.955  INFO 20260 --- [    Test worker] c.r.resiliencedemo.UserInitializer       : ... finished book initialization
]]></system-out>
  <system-err><![CDATA[]]></system-err>
</testsuite>
